<?xml version="1.0" encoding="UTF-8"?>
<testng-results ignored="0" total="2" passed="2" failed="0" skipped="0">
  <reporter-output>
  </reporter-output>
  <suite started-at="2024-12-29T04:40:05 GMT-05:00" name="Default suite" finished-at="2024-12-29T04:40:16 GMT-05:00" duration-ms="11001">
    <groups>
    </groups>
    <test started-at="2024-12-29T04:40:05 GMT-05:00" name="Default test" finished-at="2024-12-29T04:40:16 GMT-05:00" duration-ms="11001">
      <class name="com.ots.testcases.LoginTest">
        <test-method is-config="true" signature="setup()[pri:0, instance:com.ots.testcases.LoginTest@27462a88]" started-at="2024-12-29T04:40:07 GMT-05:00" name="setup" finished-at="2024-12-29T04:40:12 GMT-05:00" duration-ms="4773" status="PASS">
          <reporter-output>
          </reporter-output>
        </test-method> <!-- setup -->
        <test-method signature="validLogin(java.lang.String,java.lang.String)[pri:0, instance:com.ots.testcases.LoginTest@27462a88]" started-at="2024-12-29T04:40:12 GMT-05:00" name="validLogin" data-provider="loginTestData" finished-at="2024-12-29T04:40:12 GMT-05:00" duration-ms="756" status="PASS">
          <params>
            <param index="0">
              <value>
                <![CDATA[admin@email.com]]>
              </value>
            </param>
            <param index="1">
              <value>
                <![CDATA[admin@123]]>
              </value>
            </param>
          </params>
          <reporter-output>
          </reporter-output>
        </test-method> <!-- validLogin -->
        <test-method is-config="true" signature="tearDown()[pri:0, instance:com.ots.testcases.LoginTest@27462a88]" started-at="2024-12-29T04:40:12 GMT-05:00" name="tearDown" finished-at="2024-12-29T04:40:13 GMT-05:00" duration-ms="259" status="PASS">
          <reporter-output>
          </reporter-output>
        </test-method> <!-- tearDown -->
        <test-method is-config="true" signature="setup()[pri:0, instance:com.ots.testcases.LoginTest@27462a88]" started-at="2024-12-29T04:40:13 GMT-05:00" name="setup" finished-at="2024-12-29T04:40:16 GMT-05:00" duration-ms="3115" status="PASS">
          <reporter-output>
          </reporter-output>
        </test-method> <!-- setup -->
        <test-method signature="verifyNewLink()[pri:0, instance:com.ots.testcases.LoginTest@27462a88]" started-at="2024-12-29T04:40:16 GMT-05:00" name="verifyNewLink" finished-at="2024-12-29T04:40:16 GMT-05:00" duration-ms="111" status="PASS">
          <reporter-output>
          </reporter-output>
        </test-method> <!-- verifyNewLink -->
        <test-method is-config="true" signature="tearDown()[pri:0, instance:com.ots.testcases.LoginTest@27462a88]" started-at="2024-12-29T04:40:16 GMT-05:00" name="tearDown" finished-at="2024-12-29T04:40:16 GMT-05:00" duration-ms="249" status="PASS">
          <reporter-output>
          </reporter-output>
        </test-method> <!-- tearDown -->
      </class> <!-- com.ots.testcases.LoginTest -->
    </test> <!-- Default test -->
  </suite> <!-- Default suite -->
</testng-results>
